<?xml version="1.0" encoding="UTF-8"?>
<!-- Generated by org.testng.reporters.JUnitReportReporter -->
<testsuite hostname="DESKTOP-3QRNTE9" failures="0" tests="2" name="testVagrant.TestCompare1" time="38.553" errors="0" timestamp="2022-10-14T11:58:17 PDT" skipped="1">
  <testcase classname="testVagrant.TestCompare1" name="compareReleaseDates" time="38.553"/>
  <system-out/>
  <testcase classname="testVagrant.TestCompare1" name="compareReleaseDates2">
    <skipped/>
  </testcase> <!-- compareReleaseDates2 -->
  <system-out/>
</testsuite> <!-- testVagrant.TestCompare1 -->
